2025-06-17 12:19:27,093 - ERROR - Error processing CSV file: 'int' object is not iterable
2025-06-17 12:19:27,094 - ERROR - Main process error: 'int' object is not iterable
2025-06-17 12:20:36,977 - ERROR - Error obtaining access token: 400 Client Error: Bad Request for url: https://api.iys.org.tr/oauth2/token
2025-06-17 12:20:36,978 - ERROR - Error processing CSV file: 400 Client Error: Bad Request for url: https://api.iys.org.tr/oauth2/token
2025-06-17 12:20:36,978 - ERROR - Main process error: 400 Client Error: Bad Request for url: https://api.iys.org.tr/oauth2/token
2025-06-17 12:21:48,145 - ERROR - Error obtaining access token: 400 Client Error: Bad Request for url: https://api.iys.org.tr/oauth2/token
2025-06-17 12:21:48,146 - ERROR - Response content: {"error":"unsupported_grant_type","error_description":"Desteklenmeyen giriş yöntemi."}
2025-06-17 12:21:48,146 - ERROR - Error processing CSV file: 400 Client Error: Bad Request for url: https://api.iys.org.tr/oauth2/token
2025-06-17 12:21:48,146 - ERROR - Main process error: 400 Client Error: Bad Request for url: https://api.iys.org.tr/oauth2/token
2025-06-17 12:24:54,303 - ERROR - Error obtaining access token: 400 Client Error: Bad Request for url: https://api.iys.org.tr/oauth2/token
2025-06-17 12:24:54,305 - ERROR - Response content: {"error":"unsupported_grant_type","error_description":"Desteklenmeyen giriş yöntemi."}
2025-06-17 12:24:54,305 - ERROR - Error processing CSV file: 400 Client Error: Bad Request for url: https://api.iys.org.tr/oauth2/token
2025-06-17 12:24:54,306 - ERROR - Main process error: 400 Client Error: Bad Request for url: https://api.iys.org.tr/oauth2/token
2025-06-17 12:36:59,423 - ERROR - Error obtaining access token: 400 Client Error: Bad Request for url: https://api.iys.org.tr/oauth2/token
2025-06-17 12:36:59,425 - ERROR - Response content: {"error":"unsupported_grant_type","error_description":"Desteklenmeyen giriş yöntemi."}
2025-06-17 12:36:59,426 - ERROR - Error processing CSV file: 400 Client Error: Bad Request for url: https://api.iys.org.tr/oauth2/token
2025-06-17 12:36:59,426 - ERROR - Main process error: 400 Client Error: Bad Request for url: https://api.iys.org.tr/oauth2/token
2025-06-17 12:37:38,859 - ERROR - Error obtaining access token: 400 Client Error: Bad Request for url: https://api.iys.org.tr/oauth2/token
2025-06-17 12:37:38,861 - ERROR - Response content: {"error":"unsupported_grant_type","error_description":"Desteklenmeyen giriş yöntemi."}
2025-06-17 12:37:38,862 - ERROR - Error processing CSV file: 400 Client Error: Bad Request for url: https://api.iys.org.tr/oauth2/token
2025-06-17 12:37:38,862 - ERROR - Main process error: 400 Client Error: Bad Request for url: https://api.iys.org.tr/oauth2/token
2025-06-17 12:38:44,027 - ERROR - Error obtaining access token: 400 Client Error: Bad Request for url: https://api.iys.org.tr/oauth2/token
2025-06-17 12:38:44,029 - ERROR - Response content: {"error":"unsupported_grant_type","error_description":"Desteklenmeyen giriş yöntemi."}
2025-06-17 12:38:44,030 - ERROR - Error processing CSV file: 400 Client Error: Bad Request for url: https://api.iys.org.tr/oauth2/token
2025-06-17 12:38:44,031 - ERROR - Main process error: 400 Client Error: Bad Request for url: https://api.iys.org.tr/oauth2/token
2025-06-17 12:39:33,730 - ERROR - Error obtaining access token: 400 Client Error: Bad Request for url: https://api.iys.org.tr/oauth2/token
2025-06-17 12:39:33,732 - ERROR - Response content: {"error":"unsupported_grant_type","error_description":"Desteklenmeyen giriş yöntemi."}
2025-06-17 12:39:33,732 - ERROR - Error processing CSV file: 400 Client Error: Bad Request for url: https://api.iys.org.tr/oauth2/token
2025-06-17 12:39:33,732 - ERROR - Main process error: 400 Client Error: Bad Request for url: https://api.iys.org.tr/oauth2/token
2025-06-17 12:40:53,143 - INFO - Successfully obtained access token
2025-06-17 12:40:53,550 - ERROR - Error checking consents: 422 Client Error:  for url: https://api.iys.org.tr/sps/710271/brands/710271/consents/BIREYSEL/status/MESAJ
2025-06-17 12:40:53,550 - ERROR - Response content: {"errors":[{"code":"H193","location":["recipients",49],"message":"Alıcı (recipient) değeri liste içinde tekrarlanamaz.","value":"+905539534361"}]}
2025-06-17 12:40:53,551 - ERROR - Error processing CSV file: 422 Client Error:  for url: https://api.iys.org.tr/sps/710271/brands/710271/consents/BIREYSEL/status/MESAJ
2025-06-17 12:40:53,551 - ERROR - Main process error: 422 Client Error:  for url: https://api.iys.org.tr/sps/710271/brands/710271/consents/BIREYSEL/status/MESAJ
2025-06-17 12:41:03,187 - INFO - Successfully obtained access token
2025-06-17 12:41:03,558 - ERROR - Error checking consents: 422 Client Error:  for url: https://api.iys.org.tr/sps/710271/brands/710271/consents/BIREYSEL/status/MESAJ
2025-06-17 12:41:03,559 - ERROR - Response content: {"errors":[{"code":"H193","location":["recipients",49],"message":"Alıcı (recipient) değeri liste içinde tekrarlanamaz.","value":"+905539534361"}]}
2025-06-17 12:41:03,559 - ERROR - Error processing CSV file: 422 Client Error:  for url: https://api.iys.org.tr/sps/710271/brands/710271/consents/BIREYSEL/status/MESAJ
2025-06-17 12:41:03,559 - ERROR - Main process error: 422 Client Error:  for url: https://api.iys.org.tr/sps/710271/brands/710271/consents/BIREYSEL/status/MESAJ
2025-06-17 12:41:45,707 - INFO - Found 50 total numbers, 49 unique numbers to process.
2025-06-17 12:41:46,075 - INFO - Successfully obtained access token
2025-06-17 12:41:46,534 - INFO - Processed chunk of 49 phone numbers
2025-06-17 12:41:46,536 - ERROR - Error processing CSV file: 'recipient'
2025-06-17 12:41:46,536 - ERROR - Main process error: 'recipient'
2025-06-17 12:42:29,002 - INFO - Found 50 total numbers, 49 unique numbers to process.
2025-06-17 12:42:29,436 - INFO - Successfully obtained access token
2025-06-17 12:42:29,922 - INFO - Processed chunk of 49 phone numbers
2025-06-17 12:42:29,923 - WARNING - API returned no results. Skipping merge.
2025-06-17 12:42:29,932 - INFO - Results saved to consent_results.csv
2025-06-17 12:43:11,127 - INFO - Found 50 total numbers, 49 unique numbers to process.
2025-06-17 12:43:11,567 - INFO - Successfully obtained access token
2025-06-17 12:43:11,951 - INFO - Processed chunk of 49 phone numbers
2025-06-17 12:43:11,951 - WARNING - API returned no results. Skipping merge.
2025-06-17 12:43:11,955 - INFO - Results saved to consent_results.csv
2025-06-17 12:48:11,885 - ERROR - Error in bulk consent insert: [Errno 2] No such file or directory: 'data/insert_test.csv'
2025-06-17 12:48:11,886 - ERROR - Main process error: [Errno 2] No such file or directory: 'data/insert_test.csv'
2025-06-17 12:48:53,968 - INFO - Successfully obtained access token
2025-06-17 12:48:54,446 - INFO - API Response: 422 - {"errors":[{"index":0,"code":"H467","location":["consentDate"],"message":"Üç iş günü öncesinde alınan izinler kaydedilemez.","value":"2024-06-17 15:41:00"},{"index":1,"code":"H467","location":["consentDate"],"message":"Üç iş günü öncesinde alınan izinler kaydedilemez.","value":"2024-06-17 16:00:00"},{"index":2,"code":"H158","location":["consentDate"],"message":"İzin tarihi yyyy-mm-dd hh:mm:ss formatında olmalıdır.","value":"2024-05-10 11:20:30 "}]}
2025-06-17 12:48:54,446 - ERROR - Error in bulk consent insert: 422 Client Error:  for url: https://api.iys.org.tr/sps/710271/brands/710271/consents/request
2025-06-17 12:48:54,447 - ERROR - Main process error: 422 Client Error:  for url: https://api.iys.org.tr/sps/710271/brands/710271/consents/request
2025-06-17 12:49:28,551 - INFO - Successfully obtained access token
2025-06-17 12:49:29,057 - INFO - API Response: 422 - {"errors":[{"index":0,"code":"H467","location":["consentDate"],"message":"Üç iş günü öncesinde alınan izinler kaydedilemez.","value":"2024-06-17 15:41:00"},{"index":1,"code":"H467","location":["consentDate"],"message":"Üç iş günü öncesinde alınan izinler kaydedilemez.","value":"2024-06-17 16:00:00"},{"index":2,"code":"H467","location":["consentDate"],"message":"Üç iş günü öncesinde alınan izinler kaydedilemez.","value":"2024-05-10 11:20:30"}]}
2025-06-17 12:49:29,057 - ERROR - Error in bulk consent insert: 422 Client Error:  for url: https://api.iys.org.tr/sps/710271/brands/710271/consents/request
2025-06-17 12:49:29,058 - ERROR - Main process error: 422 Client Error:  for url: https://api.iys.org.tr/sps/710271/brands/710271/consents/request
2025-06-17 12:49:58,601 - INFO - Successfully obtained access token
2025-06-17 12:49:59,186 - INFO - API Response: 422 - {"errors":[{"index":0,"code":"H467","location":["consentDate"],"message":"Üç iş günü öncesinde alınan izinler kaydedilemez.","value":"2024-06-17 15:41:00"},{"index":1,"code":"H467","location":["consentDate"],"message":"Üç iş günü öncesinde alınan izinler kaydedilemez.","value":"2024-06-17 16:00:00"},{"index":2,"code":"H467","location":["consentDate"],"message":"Üç iş günü öncesinde alınan izinler kaydedilemez.","value":"2024-05-10 11:20:30"}]}
2025-06-17 12:49:59,186 - ERROR - Error in bulk consent insert: 422 Client Error:  for url: https://api.iys.org.tr/sps/710271/brands/710271/consents/request
2025-06-17 12:49:59,186 - ERROR - Main process error: 422 Client Error:  for url: https://api.iys.org.tr/sps/710271/brands/710271/consents/request
2025-06-17 12:52:48,592 - INFO - Successfully obtained access token
2025-06-17 12:52:49,142 - INFO - API Response: 422 - {"errors":[{"index":0,"code":"H467","location":["consentDate"],"message":"Üç iş günü öncesinde alınan izinler kaydedilemez.","value":"2024-06-16 15:41:00"},{"index":1,"code":"H467","location":["consentDate"],"message":"Üç iş günü öncesinde alınan izinler kaydedilemez.","value":"2024-06-16 16:00:00"},{"index":2,"code":"H467","location":["consentDate"],"message":"Üç iş günü öncesinde alınan izinler kaydedilemez.","value":"2024-05-16 11:20:30"}]}
2025-06-17 12:52:49,143 - ERROR - Error in bulk consent insert: 422 Client Error:  for url: https://api.iys.org.tr/sps/710271/brands/710271/consents/request
2025-06-17 12:52:49,143 - ERROR - Main process error: 422 Client Error:  for url: https://api.iys.org.tr/sps/710271/brands/710271/consents/request
2025-06-17 12:53:01,888 - INFO - Successfully obtained access token
2025-06-17 12:53:02,411 - INFO - API Response: 422 - {"errors":[{"index":0,"code":"H467","location":["consentDate"],"message":"Üç iş günü öncesinde alınan izinler kaydedilemez.","value":"2024-06-16 15:41:00"},{"index":1,"code":"H467","location":["consentDate"],"message":"Üç iş günü öncesinde alınan izinler kaydedilemez.","value":"2024-06-16 16:00:00"},{"index":2,"code":"H467","location":["consentDate"],"message":"Üç iş günü öncesinde alınan izinler kaydedilemez.","value":"2024-06-16 11:20:30"}]}
2025-06-17 12:53:02,412 - ERROR - Error in bulk consent insert: 422 Client Error:  for url: https://api.iys.org.tr/sps/710271/brands/710271/consents/request
2025-06-17 12:53:02,412 - ERROR - Main process error: 422 Client Error:  for url: https://api.iys.org.tr/sps/710271/brands/710271/consents/request
2025-06-17 12:53:33,386 - INFO - Successfully obtained access token
2025-06-17 12:53:33,883 - INFO - API Response: 422 - {"errors":[{"index":0,"code":"H467","location":["consentDate"],"message":"Üç iş günü öncesinde alınan izinler kaydedilemez.","value":"2024-06-16 15:41:00"},{"index":1,"code":"H467","location":["consentDate"],"message":"Üç iş günü öncesinde alınan izinler kaydedilemez.","value":"2024-06-16 16:00:00"},{"index":2,"code":"H467","location":["consentDate"],"message":"Üç iş günü öncesinde alınan izinler kaydedilemez.","value":"2024-06-16 11:20:30"}]}
2025-06-17 12:53:33,884 - ERROR - Error in bulk consent insert: 422 Client Error:  for url: https://api.iys.org.tr/sps/710271/brands/710271/consents/request
2025-06-17 12:53:33,884 - ERROR - Main process error: 422 Client Error:  for url: https://api.iys.org.tr/sps/710271/brands/710271/consents/request
2025-06-17 12:54:37,289 - INFO - Successfully obtained access token
2025-06-17 12:54:37,866 - INFO - API Response: 202 - {"requestId":"1206a5d59065528bc4a64490606e6b1b","subRequests":[{"recipient":"+905551234567","type":"MESAJ","source":"HS_WEB","status":"ONAY","consentDate":"2025-06-16 15:41:00","recipientType":"BIREYSEL","subRequestId":"d88cca5a-3a50-421e-973b-2d2ae49bc838","creationDate":"2025-06-17 13:54:38"},{"recipient":"+905557654321","type":"MESAJ","source":"HS_WEB","status":"RET","consentDate":"2025-06-16 16:00:00","recipientType":"BIREYSEL","subRequestId":"2fe156f4-372c-44fd-9716-fab63a89f059","creationDate":"2025-06-17 13:54:38"},{"recipient":"+905412345678","type":"MESAJ","source":"HS_WEB","status":"ONAY","consentDate":"2025-06-16 11:20:30","recipientType":"BIREYSEL","subRequestId":"94287ef2-1547-47b0-a971-7e0d9dc4576f","creationDate":"2025-06-17 13:54:38"}]}
2025-06-17 12:54:37,868 - INFO - Successfully sent 3 records. Response: {'requestId': '1206a5d59065528bc4a64490606e6b1b', 'subRequests': [{'recipient': '+905551234567', 'type': 'MESAJ', 'source': 'HS_WEB', 'status': 'ONAY', 'consentDate': '2025-06-16 15:41:00', 'recipientType': 'BIREYSEL', 'subRequestId': 'd88cca5a-3a50-421e-973b-2d2ae49bc838', 'creationDate': '2025-06-17 13:54:38'}, {'recipient': '+905557654321', 'type': 'MESAJ', 'source': 'HS_WEB', 'status': 'RET', 'consentDate': '2025-06-16 16:00:00', 'recipientType': 'BIREYSEL', 'subRequestId': '2fe156f4-372c-44fd-9716-fab63a89f059', 'creationDate': '2025-06-17 13:54:38'}, {'recipient': '+905412345678', 'type': 'MESAJ', 'source': 'HS_WEB', 'status': 'ONAY', 'consentDate': '2025-06-16 11:20:30', 'recipientType': 'BIREYSEL', 'subRequestId': '94287ef2-1547-47b0-a971-7e0d9dc4576f', 'creationDate': '2025-06-17 13:54:38'}]}
2025-06-17 12:54:37,868 - INFO - All records have been sent.
2025-06-17 13:07:11,920 - INFO - Successfully obtained access token
2025-06-17 13:07:12,928 - INFO - API Response: 202 - {"requestId":"3298573e9a909adb87aada5e27f58d76","subRequests":[{"recipient":"+905459419845","type":"MESAJ","source":"HS_WEB","status":"ONAY","consentDate":"2025-06-17 14:00:00","recipientType":"BIREYSEL","subRequestId":"342a13ac-9089-4f74-bdb8-35c4b15a2d51","creationDate":"2025-06-17 14:07:13"},{"recipient":"+905467338892","type":"MESAJ","source":"HS_WEB","status":"ONAY","consentDate":"2025-06-17 14:00:00","recipientType":"BIREYSEL","subRequestId":"cd37ce02-3e6d-4299-9aee-2330581970e2","creationDate":"2025-06-17 14:07:13"},{"recipient":"+905438961709","type":"MESAJ","source":"HS_WEB","status":"ONAY","consentDate":"2025-06-17 14:00:00","recipientType":"BIREYSEL","subRequestId":"045a4a2a-886b-416a-95aa-5875992f21e0","creationDate":"2025-06-17 14:07:13"},{"recipient":"+905439662371","type":"MESAJ","source":"HS_WEB","status":"ONAY","consentDate":"2025-06-17 14:00:00","recipientType":"BIREYSEL","subRequestId":"369c912a-1ea1-41bc-8770-df76b1938c52","creationDate":"2025-06-17 14:07:13"},{"recipient":"+905321704109","type":"MESAJ","source":"HS_WEB","status":"ONAY","consentDate":"2025-06-17 14:00:00","recipientType":"BIREYSEL","subRequestId":"e233c995-68e5-46de-869b-722044a7d9e6","creationDate":"2025-06-17 14:07:13"},{"recipient":"+905424806646","type":"MESAJ","source":"HS_WEB","status":"ONAY","consentDate":"2025-06-17 14:00:00","recipientType":"BIREYSEL","subRequestId":"565d81f5-a838-42e7-8fdd-9cd3558a2803","creationDate":"2025-06-17 14:07:13"},{"recipient":"+905557183261","type":"MESAJ","source":"HS_WEB","status":"ONAY","consentDate":"2025-06-17 14:00:00","recipientType":"BIREYSEL","subRequestId":"28a40655-7a2d-4e6f-8b68-387d0083967f","creationDate":"2025-06-17 14:07:13"},{"recipient":"+905075668996","type":"MESAJ","source":"HS_WEB","status":"ONAY","consentDate":"2025-06-17 14:00:00","recipientType":"BIREYSEL","subRequestId":"2c9dd544-3487-4a7d-ad4a-543d566bece7","creationDate":"2025-06-17 14:07:13"},{"recipient":"+905383326338","type":"MESAJ","source":"HS_WEB","status":"ONAY","consentDate":"2025-06-17 14:00:00","recipientType":"BIREYSEL","subRequestId":"4409012d-e0a8-4916-985f-66ef6f9a8136","creationDate":"2025-06-17 14:07:13"},{"recipient":"+905309735735","type":"MESAJ","source":"HS_WEB","status":"ONAY","consentDate":"2025-06-17 14:00:00","recipientType":"BIREYSEL","subRequestId":"a6de25b1-24a0-42cf-aad6-0b3e9856acac","creationDate":"2025-06-17 14:07:13"},{"recipient":"+905383534472","type":"MESAJ","source":"HS_WEB","status":"ONAY","consentDate":"2025-06-17 14:00:00","recipientType":"BIREYSEL","subRequestId":"ecad8b03-213f-45cd-b24c-2232b048795e","creationDate":"2025-06-17 14:07:13"},{"recipient":"+905072838756","type":"MESAJ","source":"HS_WEB","status":"ONAY","consentDate":"2025-06-17 14:00:00","recipientType":"BIREYSEL","subRequestId":"ff42031f-fdcf-46b3-9d76-33cf485175f7","creationDate":"2025-06-17 14:07:13"},{"recipient":"+905455202121","type":"MESAJ","source":"HS_WEB","status":"ONAY","consentDate":"2025-06-17 14:00:00","recipientType":"BIREYSEL","subRequestId":"b1104cef-40eb-4592-a63f-03c9ef557c04","creationDate":"2025-06-17 14:07:13"},{"recipient":"+905539260306","type":"MESAJ","source":"HS_WEB","status":"ONAY","consentDate":"2025-06-17 14:00:00","recipientType":"BIREYSEL","subRequestId":"6fc253c0-1c0a-47e8-83ec-2f629f4481ba","creationDate":"2025-06-17 14:07:13"},{"recipient":"+905468572903","type":"MESAJ","source":"HS_WEB","status":"ONAY","consentDate":"2025-06-17 14:00:00","recipientType":"BIREYSEL","subRequestId":"34a2d5a9-5026-4281-814b-e2ffad354418","creationDate":"2025-06-17 14:07:13"},{"recipient":"+905349116273","type":"MESAJ","source":"HS_WEB","status":"ONAY","consentDate":"2025-06-17 14:00:00","recipientType":"BIREYSEL","subRequestId":"b48fba7c-53af-45e9-b42e-270077c47f31","creationDate":"2025-06-17 14:07:13"},{"recipient":"+905322118607","type":"MESAJ","source":"HS_WEB","status":"ONAY","consentDate":"2025-06-17 14:00:00","recipientType":"BIREYSEL","subRequestId":"1b77c882-36e9-4127-9703-abfa34e624f9","creationDate":"2025-06-17 14:07:13"},{"recipient":"+905427358744","type":"MESAJ","source":"HS_WEB","status":"ONAY","consentDate":"2025-06-17 14:00:00","recipientType":"BIREYSEL","subRequestId":"550be8af-0050-4f8e-931c-5b8ea2837b5d","creationDate":"2025-06-17 14:07:13"},{"recipient":"+905539559809","type":"MESAJ","source":"HS_WEB","status":"ONAY","consentDate":"2025-06-17 14:00:00","recipientType":"BIREYSEL","subRequestId":"da66aa22-536d-437d-a53a-7afa68a1f5ff","creationDate":"2025-06-17 14:07:13"},{"recipient":"+905321581994","type":"MESAJ","source":"HS_WEB","status":"ONAY","consentDate":"2025-06-17 14:00:00","recipientType":"BIREYSEL","subRequestId":"116d0563-c6bd-4e99-b0e9-0a05532e4e9b","creationDate":"2025-06-17 14:07:13"},{"recipient":"+905342141220","type":"MESAJ","source":"HS_WEB","status":"ONAY","consentDate":"2025-06-17 14:00:00","recipientType":"BIREYSEL","subRequestId":"0deacc00-b713-47d8-bfc1-d2da15412fed","creationDate":"2025-06-17 14:07:13"},{"recipient":"+905389177740","type":"MESAJ","source":"HS_WEB","status":"ONAY","consentDate":"2025-06-17 14:00:00","recipientType":"BIREYSEL","subRequestId":"c41483cd-7abc-41f9-93f4-95a84afec678","creationDate":"2025-06-17 14:07:13"},{"recipient":"+905358168446","type":"MESAJ","source":"HS_WEB","status":"ONAY","consentDate":"2025-06-17 14:00:00","recipientType":"BIREYSEL","subRequestId":"15b2d459-c951-4f18-aaf7-7ff3d6404694","creationDate":"2025-06-17 14:07:13"},{"recipient":"+905334791889","type":"MESAJ","source":"HS_WEB","status":"ONAY","consentDate":"2025-06-17 14:00:00","recipientType":"BIREYSEL","subRequestId":"ba904510-37c5-43ad-83bd-3c4237902572","creationDate":"2025-06-17 14:07:13"},{"recipient":"+905326476361","type":"MESAJ","source":"HS_WEB","status":"ONAY","consentDate":"2025-06-17 14:00:00","recipientType":"BIREYSEL","subRequestId":"9eba93a7-e830-461d-9d04-cfb8587a38dc","creationDate":"2025-06-17 14:07:13"},{"recipient":"+905436704687","type":"MESAJ","source":"HS_WEB","status":"ONAY","consentDate":"2025-06-17 14:00:00","recipientType":"BIREYSEL","subRequestId":"858238d8-9b9c-4d59-98f0-f23a1163ce98","creationDate":"2025-06-17 14:07:13"},{"recipient":"+905070569496","type":"MESAJ","source":"HS_WEB","status":"ONAY","consentDate":"2025-06-17 14:00:00","recipientType":"BIREYSEL","subRequestId":"b1e2b8d9-7813-40a8-b6b2-a866e19abd5f","creationDate":"2025-06-17 14:07:13"},{"recipient":"+905055702511","type":"MESAJ","source":"HS_WEB","status":"ONAY","consentDate":"2025-06-17 14:00:00","recipientType":"BIREYSEL","subRequestId":"a263ac90-a016-4020-b063-c602c59b158b","creationDate":"2025-06-17 14:07:13"},{"recipient":"+905319447340","type":"MESAJ","source":"HS_WEB","status":"ONAY","consentDate":"2025-06-17 14:00:00","recipientType":"BIREYSEL","subRequestId":"7ca7b82c-eb9f-4bcc-a377-883ebc7898af","creationDate":"2025-06-17 14:07:13"},{"recipient":"+905515899159","type":"MESAJ","source":"HS_WEB","status":"ONAY","consentDate":"2025-06-17 14:00:00","recipientType":"BIREYSEL","subRequestId":"77dba347-4772-438b-8ddc-0228a1ae2e66","creationDate":"2025-06-17 14:07:13"},{"recipient":"+905333518646","type":"MESAJ","source":"HS_WEB","status":"ONAY","consentDate":"2025-06-17 14:00:00","recipientType":"BIREYSEL","subRequestId":"a910f2ea-b1d9-4485-ba5d-3b6b7210822e","creationDate":"2025-06-17 14:07:13"},{"recipient":"+905457330833","type":"MESAJ","source":"HS_WEB","status":"ONAY","consentDate":"2025-06-17 14:00:00","recipientType":"BIREYSEL","subRequestId":"e92a4d73-aeea-44e8-9788-53435d2363d0","creationDate":"2025-06-17 14:07:13"},{"recipient":"+905334132754","type":"MESAJ","source":"HS_WEB","status":"ONAY","consentDate":"2025-06-17 14:00:00","recipientType":"BIREYSEL","subRequestId":"d0c1c4c3-4f63-420d-b75e-ee6ea25a96d5","creationDate":"2025-06-17 14:07:13"},{"recipient":"+905307716761","type":"MESAJ","source":"HS_WEB","status":"ONAY","consentDate":"2025-06-17 14:00:00","recipientType":"BIREYSEL","subRequestId":"39e78e0c-7799-40d4-aa7f-3a5c0d2cb7c9","creationDate":"2025-06-17 14:07:13"},{"recipient":"+905318375717","type":"MESAJ","source":"HS_WEB","status":"ONAY","consentDate":"2025-06-17 14:00:00","recipientType":"BIREYSEL","subRequestId":"5fdc37af-9d57-44c3-915b-7b128f537230","creationDate":"2025-06-17 14:07:13"},{"recipient":"+905413757141","type":"MESAJ","source":"HS_WEB","status":"ONAY","consentDate":"2025-06-17 14:00:00","recipientType":"BIREYSEL","subRequestId":"41eb7a21-4f38-4ab2-b051-aef0a40e354d","creationDate":"2025-06-17 14:07:13"},{"recipient":"+905442169870","type":"MESAJ","source":"HS_WEB","status":"ONAY","consentDate":"2025-06-17 14:00:00","recipientType":"BIREYSEL","subRequestId":"24ed8f1a-246e-4901-a019-c69b09e49a3c","creationDate":"2025-06-17 14:07:13"},{"recipient":"+905516616727","type":"MESAJ","source":"HS_WEB","status":"ONAY","consentDate":"2025-06-17 14:00:00","recipientType":"BIREYSEL","subRequestId":"69b91e81-14ef-4b19-a0e8-20f369681846","creationDate":"2025-06-17 14:07:13"},{"recipient":"+905530691427","type":"MESAJ","source":"HS_WEB","status":"ONAY","consentDate":"2025-06-17 14:00:00","recipientType":"BIREYSEL","subRequestId":"d98df205-0013-46d5-b44e-23cbab6b3ffd","creationDate":"2025-06-17 14:07:13"},{"recipient":"+905339650309","type":"MESAJ","source":"HS_WEB","status":"ONAY","consentDate":"2025-06-17 14:00:00","recipientType":"BIREYSEL","subRequestId":"40eb31ec-cd91-4c43-9df0-7b282e7f1025","creationDate":"2025-06-17 14:07:13"},{"recipient":"+905514861110","type":"MESAJ","source":"HS_WEB","status":"ONAY","consentDate":"2025-06-17 14:00:00","recipientType":"BIREYSEL","subRequestId":"c181b14e-c003-49a3-8584-37f0fd410ff2","creationDate":"2025-06-17 14:07:13"},{"recipient":"+905426969253","type":"MESAJ","source":"HS_WEB","status":"ONAY","consentDate":"2025-06-17 14:00:00","recipientType":"BIREYSEL","subRequestId":"8248dcf6-c528-4f68-81a8-40e2a2568865","creationDate":"2025-06-17 14:07:13"},{"recipient":"+905383626595","type":"MESAJ","source":"HS_WEB","status":"ONAY","consentDate":"2025-06-17 14:00:00","recipientType":"BIREYSEL","subRequestId":"3ae9a25a-d364-42df-a581-ad68d80577d5","creationDate":"2025-06-17 14:07:13"},{"recipient":"+905306128339","type":"MESAJ","source":"HS_WEB","status":"ONAY","consentDate":"2025-06-17 14:00:00","recipientType":"BIREYSEL","subRequestId":"e14ca712-bcc3-4475-bfae-127c6ad941b8","creationDate":"2025-06-17 14:07:13"},{"recipient":"+905057658947","type":"MESAJ","source":"HS_WEB","status":"ONAY","consentDate":"2025-06-17 14:00:00","recipientType":"BIREYSEL","subRequestId":"9b5e9b76-d6f0-4f1b-97b1-68f5124eb516","creationDate":"2025-06-17 14:07:13"},{"recipient":"+905061448096","type":"MESAJ","source":"HS_WEB","status":"ONAY","consentDate":"2025-06-17 14:00:00","recipientType":"BIREYSEL","subRequestId":"85fbf562-6625-4798-a1c6-ad3460a27c54","creationDate":"2025-06-17 14:07:13"},{"recipient":"+905457907250","type":"MESAJ","source":"HS_WEB","status":"ONAY","consentDate":"2025-06-17 14:00:00","recipientType":"BIREYSEL","subRequestId":"2361daff-e318-4ff8-849b-cf1cdc572d19","creationDate":"2025-06-17 14:07:13"},{"recipient":"+905354340016","type":"MESAJ","source":"HS_WEB","status":"ONAY","consentDate":"2025-06-17 14:00:00","recipientType":"BIREYSEL","subRequestId":"6f6036fc-c3c0-489d-8698-358c201c6bdc","creationDate":"2025-06-17 14:07:13"},{"recipient":"+905342490495","type":"MESAJ","source":"HS_WEB","status":"ONAY","consentDate":"2025-06-17 14:00:00","recipientType":"BIREYSEL","subRequestId":"680cadcb-87e5-49c7-b963-306f057037f2","creationDate":"2025-06-17 14:07:13"},{"recipient":"+905314220482","type":"MESAJ","source":"HS_WEB","status":"ONAY","consentDate":"2025-06-17 14:00:00","recipientType":"BIREYSEL","subRequestId":"92dda926-09f3-4e61-81aa-8c39699aaaaf","creationDate":"2025-06-17 14:07:13"}]}
2025-06-17 13:07:13,641 - INFO - API Response: 202 - {"requestId":"b82a58dc8ad4c367b0a133871d207233","subRequests":[{"recipient":"+905324536746","type":"MESAJ","source":"HS_WEB","status":"ONAY","consentDate":"2025-06-17 14:00:00","recipientType":"BIREYSEL","subRequestId":"d0acf9e9-5421-4530-bbaa-f63b595a6001","creationDate":"2025-06-17 14:07:14"},{"recipient":"+905323029348","type":"MESAJ","source":"HS_WEB","status":"ONAY","consentDate":"2025-06-17 14:00:00","recipientType":"BIREYSEL","subRequestId":"301666ec-066f-4f6a-9f57-820cd9d9e883","creationDate":"2025-06-17 14:07:14"},{"recipient":"+905071498297","type":"MESAJ","source":"HS_WEB","status":"ONAY","consentDate":"2025-06-17 14:00:00","recipientType":"BIREYSEL","subRequestId":"b4630f65-6a0d-42ce-b519-647268dfcc82","creationDate":"2025-06-17 14:07:14"},{"recipient":"+905069135645","type":"MESAJ","source":"HS_WEB","status":"ONAY","consentDate":"2025-06-17 14:00:00","recipientType":"BIREYSEL","subRequestId":"b759493c-ff5b-4ae2-8fcb-8d17ae89c2ca","creationDate":"2025-06-17 14:07:14"},{"recipient":"+905558888420","type":"MESAJ","source":"HS_WEB","status":"ONAY","consentDate":"2025-06-17 14:00:00","recipientType":"BIREYSEL","subRequestId":"db4bc99c-290c-4f10-921e-3ffca49a286c","creationDate":"2025-06-17 14:07:14"},{"recipient":"+905439662371","type":"MESAJ","source":"HS_WEB","status":"ONAY","consentDate":"2025-06-17 14:00:00","recipientType":"BIREYSEL","subRequestId":"1c4d7e7d-f5f1-479a-a74a-375ef1c2bc72","creationDate":"2025-06-17 14:07:14"},{"recipient":"+905355847014","type":"MESAJ","source":"HS_WEB","status":"ONAY","consentDate":"2025-06-17 14:00:00","recipientType":"BIREYSEL","subRequestId":"7d2171a4-48b5-4797-8d13-94ea457b16f8","creationDate":"2025-06-17 14:07:14"},{"recipient":"+905443215784","type":"MESAJ","source":"HS_WEB","status":"ONAY","consentDate":"2025-06-17 14:00:00","recipientType":"BIREYSEL","subRequestId":"978e8e8a-9674-481e-b476-0287b2674e15","creationDate":"2025-06-17 14:07:14"},{"recipient":"+905051418713","type":"MESAJ","source":"HS_WEB","status":"ONAY","consentDate":"2025-06-17 14:00:00","recipientType":"BIREYSEL","subRequestId":"3d37a6c2-69d3-4b07-914a-33f86b18693e","creationDate":"2025-06-17 14:07:14"},{"recipient":"+905336954588","type":"MESAJ","source":"HS_WEB","status":"ONAY","consentDate":"2025-06-17 14:00:00","recipientType":"BIREYSEL","subRequestId":"0d003fa9-9af6-4bd8-a39d-62591deaafc9","creationDate":"2025-06-17 14:07:14"},{"recipient":"+905456156170","type":"MESAJ","source":"HS_WEB","status":"ONAY","consentDate":"2025-06-17 14:00:00","recipientType":"BIREYSEL","subRequestId":"6b4b8237-f445-421d-b789-4ebc671f5bc0","creationDate":"2025-06-17 14:07:14"},{"recipient":"+905314523160","type":"MESAJ","source":"HS_WEB","status":"ONAY","consentDate":"2025-06-17 14:00:00","recipientType":"BIREYSEL","subRequestId":"d46c2255-c6a8-435c-b3a8-7f237c93c2cf","creationDate":"2025-06-17 14:07:14"}]}
2025-06-17 13:20:09,868 - INFO - Successfully obtained access token
2025-06-17 13:20:09,873 - INFO - Submitting consent request for 50 recipients...
2025-06-17 13:20:10,461 - INFO - Request accepted with ID: a0fe1faa99a3afaac1e847b50ce892df
2025-06-17 13:20:10,466 - INFO - Checking status for request a0fe1faa99a3afaac1e847b50ce892df (Attempt 1)...
2025-06-17 13:20:33,218 - INFO - Successfully obtained access token
2025-06-17 13:20:33,220 - INFO - Submitting consent request for 50 recipients...
2025-06-17 13:20:33,730 - INFO - Request accepted with ID: 8a7abdd5b4f95d6e47989e3c33a4d73e
2025-06-17 13:20:33,736 - INFO - Checking status for request 8a7abdd5b4f95d6e47989e3c33a4d73e (Attempt 1)...
2025-06-17 13:22:35,121 - INFO - Successfully obtained access token
2025-06-17 13:22:35,131 - INFO - Submitting consent request for 50 recipients...
2025-06-17 13:22:35,731 - INFO - Request accepted with ID: b21d92a557ebba0a22a5b396387decc1
2025-06-17 13:22:35,734 - INFO - Checking status for request b21d92a557ebba0a22a5b396387decc1 (Attempt 1)...
2025-06-17 13:22:36,203 - INFO - Final status received for request b21d92a557ebba0a22a5b396387decc1.
2025-06-17 13:22:36,207 - INFO - Submitting consent request for 12 recipients...
2025-06-17 13:22:36,765 - INFO - Request accepted with ID: 3e6f6a71e195dc7814f6f7eaac46ae4a
2025-06-17 13:22:36,769 - INFO - Checking status for request 3e6f6a71e195dc7814f6f7eaac46ae4a (Attempt 1)...
2025-06-17 13:22:37,163 - INFO - Final status received for request 3e6f6a71e195dc7814f6f7eaac46ae4a.
2025-06-17 13:24:26,470 - INFO - Successfully obtained access token
2025-06-17 13:24:26,478 - INFO - Submitting consent request for 50 recipients...
2025-06-17 13:24:27,331 - INFO - Request accepted with ID: d2970e3fc43b01ff0764f4e024a19fa5
2025-06-17 13:24:27,390 - INFO - Checking status for request d2970e3fc43b01ff0764f4e024a19fa5 (Attempt 1)...
2025-06-17 13:24:28,096 - INFO - Final status received for request d2970e3fc43b01ff0764f4e024a19fa5.
2025-06-17 13:24:28,158 - INFO - Submitting consent request for 12 recipients...
2025-06-17 13:24:28,933 - INFO - Request accepted with ID: d1c14efd59261793838a8b7667980fbc
2025-06-17 13:24:28,943 - INFO - Checking status for request d1c14efd59261793838a8b7667980fbc (Attempt 1)...
2025-06-17 13:24:29,449 - INFO - Final status received for request d1c14efd59261793838a8b7667980fbc.
2025-06-17 13:27:26,133 - INFO - Successfully obtained access token
2025-06-17 13:27:26,136 - INFO - Submitting consent request for 50 recipients...
2025-06-17 13:27:26,727 - INFO - Request accepted with ID: 89e7cb1a1fca7db769a9e4661a0c7f1a
2025-06-17 13:27:26,733 - INFO - Checking status for request 89e7cb1a1fca7db769a9e4661a0c7f1a (Attempt 1)...
2025-06-17 13:27:27,131 - INFO - Final status received for request 89e7cb1a1fca7db769a9e4661a0c7f1a.
2025-06-17 13:27:27,134 - INFO - Submitting consent request for 12 recipients...
2025-06-17 13:27:27,635 - INFO - Request accepted with ID: d31cc6b01e472cea2aa6b9a3fe0ff7e6
2025-06-17 13:27:27,639 - INFO - Checking status for request d31cc6b01e472cea2aa6b9a3fe0ff7e6 (Attempt 1)...
2025-06-17 13:27:28,080 - INFO - Final status received for request d31cc6b01e472cea2aa6b9a3fe0ff7e6.
2025-06-17 13:38:31,908 - INFO - Successfully obtained access token
2025-06-17 13:38:31,916 - INFO - Submitting consent request for 50 recipients...
2025-06-17 13:38:32,581 - INFO - Request accepted with ID: 0d80783ec84ee9b503e5e88876f8003e
2025-06-17 13:38:32,585 - INFO - Checking status for request 0d80783ec84ee9b503e5e88876f8003e (Attempt 1)...
2025-06-17 13:38:32,992 - INFO - Final status received for request 0d80783ec84ee9b503e5e88876f8003e.
2025-06-17 13:38:32,997 - INFO - Submitting consent request for 12 recipients...
2025-06-17 13:38:33,568 - INFO - Request accepted with ID: 8b65ddf8e186ec434f7ddf20b30ce96f
2025-06-17 13:38:33,573 - INFO - Checking status for request 8b65ddf8e186ec434f7ddf20b30ce96f (Attempt 1)...
2025-06-17 13:38:33,932 - INFO - Final status received for request 8b65ddf8e186ec434f7ddf20b30ce96f.
2025-06-17 13:44:21,741 - INFO - Successfully obtained access token
2025-06-17 13:44:21,794 - INFO - Submitting consent request for 50 recipients...
2025-06-17 13:44:22,653 - INFO - Request accepted with ID: e09f74a5158976f564f4ab56269b1533
2025-06-17 13:44:22,659 - INFO - Checking status for request e09f74a5158976f564f4ab56269b1533 (Attempt 1)...
2025-06-17 13:44:23,062 - INFO - Final status received for request e09f74a5158976f564f4ab56269b1533.
2025-06-17 13:44:23,067 - INFO - Submitting consent request for 12 recipients...
2025-06-17 13:44:23,606 - INFO - Request accepted with ID: e81d7c4fb526861806314f1f46eb319d
2025-06-17 13:44:23,609 - INFO - Checking status for request e81d7c4fb526861806314f1f46eb319d (Attempt 1)...
2025-06-17 13:44:24,054 - INFO - Final status received for request e81d7c4fb526861806314f1f46eb319d.
